time="2017-02-21T00:30:29+05:30" level=debug msg=Lol module="socketapi/datastreams" 
time="2017-02-21T00:30:29+05:30" level=debug msg="0 listeners as of now" method=InitStockExchangeStream module="socketapi/datastreams" 
time="2017-02-21T00:30:29+05:30" level=debug msg="Nothing dirty yet. Sleeping for 15 seconds" method=InitStockExchangeStream module="socketapi/datastreams" 
time="2017-02-21T00:30:29+05:30" level=debug msg="0 listeners as of now" method=InitStockPricesStream module="socketapi/datastreams" 
time="2017-02-21T00:30:29+05:30" level=debug msg="Nothing dirty yet. Sleeping for 15 seconds" method=InitStockPricesStream module="socketapi/datastreams" 
[37mDEBU[0m[0000] Lol                                           [37mmodule[0m="socketapi/datastreams"
[37mDEBU[0m[0000] 0 listeners as of now                         [37mmethod[0m=InitStockExchangeStream [37mmodule[0m="socketapi/datastreams"
[37mDEBU[0m[0000] Nothing dirty yet. Sleeping for 15 seconds    [37mmethod[0m=InitStockExchangeStream [37mmodule[0m="socketapi/datastreams"
[37mDEBU[0m[0000] 0 listeners as of now                         [37mmethod[0m=InitStockPricesStream [37mmodule[0m="socketapi/datastreams"
[37mDEBU[0m[0000] Nothing dirty yet. Sleeping for 15 seconds    [37mmethod[0m=InitStockPricesStream [37mmodule[0m="socketapi/datastreams"
[37mDEBU[0m[0004] Adding to the next stock exchange update      [37mmethod[0m=SendStockExchangeUpdate [37mmodule[0m="socketapi/datastreams" [37mparam_stockId[0m=1 [37mparam_stocksInExchange[0m=20 [37mparam_stocksInMarket[0m=10
[37mDEBU[0m[0004] Attempting                                    [37mmethod[0m=SendTransaction [37mmodule[0m="socketapi/datastreams" [37mparam_n[0m="id:16 user_id:2 stock_id:1 stock_quantity:10 price:102 total:-1020 "
[37mDEBU[0m[0004] No listener found. Done.                      [37mmethod[0m=SendTransaction [37mmodule[0m="socketapi/datastreams" [37mparam_n[0m="id:16 user_id:2 stock_id:1 stock_quantity:10 price:102 total:-1020 "
[37mDEBU[0m[0004] Adding to the next stock exchange update      [37mmethod[0m=SendStockExchangeUpdate [37mmodule[0m="socketapi/datastreams" [37mparam_stockId[0m=1 [37mparam_stocksInExchange[0m=15 [37mparam_stocksInMarket[0m=15
[37mDEBU[0m[0004] Attempting                                    [37mmethod[0m=SendTransaction [37mmodule[0m="socketapi/datastreams" [37mparam_n[0m="id:17 user_id:3 stock_id:1 stock_quantity:5 price:102 total:-510 "
[37mDEBU[0m[0004] No listener found. Done.                      [37mmethod[0m=SendTransaction [37mmodule[0m="socketapi/datastreams" [37mparam_n[0m="id:17 user_id:3 stock_id:1 stock_quantity:5 price:102 total:-510 "
[37mDEBU[0m[0004] Adding to the next stock exchange update      [37mmethod[0m=SendStockExchangeUpdate [37mmodule[0m="socketapi/datastreams" [37mparam_stockId[0m=3 [37mparam_stocksInExchange[0m=10 [37mparam_stocksInMarket[0m=10
[37mDEBU[0m[0004] Attempting                                    [37mmethod[0m=SendTransaction [37mmodule[0m="socketapi/datastreams" [37mparam_n[0m="id:18 user_id:4 stock_id:3 stock_quantity:10 price:200 total:-2000 "
[37mDEBU[0m[0004] No listener found. Done.                      [37mmethod[0m=SendTransaction [37mmodule[0m="socketapi/datastreams" [37mparam_n[0m="id:18 user_id:4 stock_id:3 stock_quantity:10 price:200 total:-2000 "
[37mDEBU[0m[0005] Attempting                                    [37mmethod[0m=SendTransaction [37mmodule[0m="socketapi/datastreams" [37mparam_n[0m="id:24 user_id:2 stock_id:1 type:MORTGAGE_TRANSACTION stock_quantity:7 total:-420 "
[37mDEBU[0m[0005] No listener found. Done.                      [37mmethod[0m=SendTransaction [37mmodule[0m="socketapi/datastreams" [37mparam_n[0m="id:24 user_id:2 stock_id:1 type:MORTGAGE_TRANSACTION stock_quantity:7 total:-420 "
[37mDEBU[0m[0005] Attempting                                    [37mmethod[0m=SendTransaction [37mmodule[0m="socketapi/datastreams" [37mparam_n[0m="id:25 user_id:2 stock_id:1 type:MORTGAGE_TRANSACTION stock_quantity:2 total:-120 "
[37mDEBU[0m[0005] No listener found. Done.                      [37mmethod[0m=SendTransaction [37mmodule[0m="socketapi/datastreams" [37mparam_n[0m="id:25 user_id:2 stock_id:1 type:MORTGAGE_TRANSACTION stock_quantity:2 total:-120 "
[37mDEBU[0m[0006] Attempting                                    [37mmethod[0m=SendTransaction [37mmodule[0m="socketapi/datastreams" [37mparam_n[0m="id:26 user_id:2 stock_id:3 type:MORTGAGE_TRANSACTION stock_quantity:5 total:-600 "
[37mDEBU[0m[0006] No listener found. Done.                      [37mmethod[0m=SendTransaction [37mmodule[0m="socketapi/datastreams" [37mparam_n[0m="id:26 user_id:2 stock_id:3 type:MORTGAGE_TRANSACTION stock_quantity:5 total:-600 "
[37mDEBU[0m[0006] Attempting                                    [37mmethod[0m=SendTransaction [37mmodule[0m="socketapi/datastreams" [37mparam_n[0m="id:27 user_id:4 stock_id:1 type:MORTGAGE_TRANSACTION stock_quantity:5 total:-300 "
[37mDEBU[0m[0006] No listener found. Done.                      [37mmethod[0m=SendTransaction [37mmodule[0m="socketapi/datastreams" [37mparam_n[0m="id:27 user_id:4 stock_id:1 type:MORTGAGE_TRANSACTION stock_quantity:5 total:-300 "
[37mDEBU[0m[0008] Attempting                                    [37mmethod[0m=SendTransaction [37mmodule[0m="socketapi/datastreams" [37mparam_n[0m="id:33 user_id:2 stock_id:1 type:MORTGAGE_TRANSACTION stock_quantity:-7 total:560 "
[37mDEBU[0m[0008] No listener found. Done.                      [37mmethod[0m=SendTransaction [37mmodule[0m="socketapi/datastreams" [37mparam_n[0m="id:33 user_id:2 stock_id:1 type:MORTGAGE_TRANSACTION stock_quantity:-7 total:560 "
[37mDEBU[0m[0008] Attempting                                    [37mmethod[0m=SendTransaction [37mmodule[0m="socketapi/datastreams" [37mparam_n[0m="id:34 user_id:2 stock_id:1 type:MORTGAGE_TRANSACTION stock_quantity:-2 total:160 "
[37mDEBU[0m[0008] No listener found. Done.                      [37mmethod[0m=SendTransaction [37mmodule[0m="socketapi/datastreams" [37mparam_n[0m="id:34 user_id:2 stock_id:1 type:MORTGAGE_TRANSACTION stock_quantity:-2 total:160 "
[37mDEBU[0m[0008] Attempting                                    [37mmethod[0m=SendTransaction [37mmodule[0m="socketapi/datastreams" [37mparam_n[0m="id:35 user_id:2 stock_id:3 type:MORTGAGE_TRANSACTION stock_quantity:-15 total:2400 "
[37mDEBU[0m[0008] No listener found. Done.                      [37mmethod[0m=SendTransaction [37mmodule[0m="socketapi/datastreams" [37mparam_n[0m="id:35 user_id:2 stock_id:3 type:MORTGAGE_TRANSACTION stock_quantity:-15 total:2400 "
[37mDEBU[0m[0008] Attempting                                    [37mmethod[0m=SendTransaction [37mmodule[0m="socketapi/datastreams" [37mparam_n[0m="id:36 user_id:2 stock_id:3 type:MORTGAGE_TRANSACTION stock_quantity:-5 total:800 "
[37mDEBU[0m[0008] No listener found. Done.                      [37mmethod[0m=SendTransaction [37mmodule[0m="socketapi/datastreams" [37mparam_n[0m="id:36 user_id:2 stock_id:3 type:MORTGAGE_TRANSACTION stock_quantity:-5 total:800 "
[37mDEBU[0m[0008] Attempting                                    [37mmethod[0m=SendTransaction [37mmodule[0m="socketapi/datastreams" [37mparam_n[0m="id:37 user_id:4 stock_id:1 type:MORTGAGE_TRANSACTION stock_quantity:-5 total:400 "
[37mDEBU[0m[0008] No listener found. Done.                      [37mmethod[0m=SendTransaction [37mmodule[0m="socketapi/datastreams" [37mparam_n[0m="id:37 user_id:4 stock_id:1 type:MORTGAGE_TRANSACTION stock_quantity:-5 total:400 "
time="2017-02-21T00:55:46+05:30" level=debug msg=Lol module="socketapi/datastreams" 
time="2017-02-21T00:55:46+05:30" level=debug msg="0 listeners as of now" method=InitStockPricesStream module="socketapi/datastreams" 
time="2017-02-21T00:55:46+05:30" level=debug msg="Nothing dirty yet. Sleeping for 15 seconds" method=InitStockPricesStream module="socketapi/datastreams" 
time="2017-02-21T00:55:46+05:30" level=debug msg="0 listeners as of now" method=InitStockExchangeStream module="socketapi/datastreams" 
time="2017-02-21T00:55:46+05:30" level=debug msg="Nothing dirty yet. Sleeping for 15 seconds" method=InitStockExchangeStream module="socketapi/datastreams" 
[37mDEBU[0m[0000] Lol                                           [37mmodule[0m="socketapi/datastreams"
[37mDEBU[0m[0000] 0 listeners as of now                         [37mmethod[0m=InitStockExchangeStream [37mmodule[0m="socketapi/datastreams"
[37mDEBU[0m[0000] Nothing dirty yet. Sleeping for 15 seconds    [37mmethod[0m=InitStockExchangeStream [37mmodule[0m="socketapi/datastreams"
[37mDEBU[0m[0000] 0 listeners as of now                         [37mmethod[0m=InitStockPricesStream [37mmodule[0m="socketapi/datastreams"
[37mDEBU[0m[0000] Nothing dirty yet. Sleeping for 15 seconds    [37mmethod[0m=InitStockPricesStream [37mmodule[0m="socketapi/datastreams"
[37mDEBU[0m[0006] Adding to the next stock exchange update      [37mmethod[0m=SendStockExchangeUpdate [37mmodule[0m="socketapi/datastreams" [37mparam_stockId[0m=1 [37mparam_stocksInExchange[0m=20 [37mparam_stocksInMarket[0m=10
[37mDEBU[0m[0006] Attempting                                    [37mmethod[0m=SendTransaction [37mmodule[0m="socketapi/datastreams" [37mparam_n[0m="id:53 user_id:2 stock_id:1 stock_quantity:10 price:102 total:-1020 "
[37mDEBU[0m[0006] No listener found. Done.                      [37mmethod[0m=SendTransaction [37mmodule[0m="socketapi/datastreams" [37mparam_n[0m="id:53 user_id:2 stock_id:1 stock_quantity:10 price:102 total:-1020 "
[37mDEBU[0m[0006] Adding to the next stock exchange update      [37mmethod[0m=SendStockExchangeUpdate [37mmodule[0m="socketapi/datastreams" [37mparam_stockId[0m=1 [37mparam_stocksInExchange[0m=15 [37mparam_stocksInMarket[0m=15
[37mDEBU[0m[0006] Attempting                                    [37mmethod[0m=SendTransaction [37mmodule[0m="socketapi/datastreams" [37mparam_n[0m="id:54 user_id:3 stock_id:1 stock_quantity:5 price:102 total:-510 "
[37mDEBU[0m[0006] No listener found. Done.                      [37mmethod[0m=SendTransaction [37mmodule[0m="socketapi/datastreams" [37mparam_n[0m="id:54 user_id:3 stock_id:1 stock_quantity:5 price:102 total:-510 "
[37mDEBU[0m[0006] Adding to the next stock exchange update      [37mmethod[0m=SendStockExchangeUpdate [37mmodule[0m="socketapi/datastreams" [37mparam_stockId[0m=3 [37mparam_stocksInExchange[0m=10 [37mparam_stocksInMarket[0m=10
[37mDEBU[0m[0006] Attempting                                    [37mmethod[0m=SendTransaction [37mmodule[0m="socketapi/datastreams" [37mparam_n[0m="id:55 user_id:4 stock_id:3 stock_quantity:10 price:201 total:-2010 "
[37mDEBU[0m[0006] No listener found. Done.                      [37mmethod[0m=SendTransaction [37mmodule[0m="socketapi/datastreams" [37mparam_n[0m="id:55 user_id:4 stock_id:3 stock_quantity:10 price:201 total:-2010 "
[37mDEBU[0m[0007] Attempting                                    [37mmethod[0m=SendTransaction [37mmodule[0m="socketapi/datastreams" [37mparam_n[0m="id:61 user_id:2 stock_id:1 type:MORTGAGE_TRANSACTION stock_quantity:7 total:-420 "
[37mDEBU[0m[0007] No listener found. Done.                      [37mmethod[0m=SendTransaction [37mmodule[0m="socketapi/datastreams" [37mparam_n[0m="id:61 user_id:2 stock_id:1 type:MORTGAGE_TRANSACTION stock_quantity:7 total:-420 "
[37mDEBU[0m[0007] Attempting                                    [37mmethod[0m=SendTransaction [37mmodule[0m="socketapi/datastreams" [37mparam_n[0m="id:62 user_id:2 stock_id:1 type:MORTGAGE_TRANSACTION stock_quantity:2 total:-120 "
[37mDEBU[0m[0007] No listener found. Done.                      [37mmethod[0m=SendTransaction [37mmodule[0m="socketapi/datastreams" [37mparam_n[0m="id:62 user_id:2 stock_id:1 type:MORTGAGE_TRANSACTION stock_quantity:2 total:-120 "
[37mDEBU[0m[0007] Attempting                                    [37mmethod[0m=SendTransaction [37mmodule[0m="socketapi/datastreams" [37mparam_n[0m="id:63 user_id:2 stock_id:3 type:MORTGAGE_TRANSACTION stock_quantity:5 total:-600 "
[37mDEBU[0m[0007] No listener found. Done.                      [37mmethod[0m=SendTransaction [37mmodule[0m="socketapi/datastreams" [37mparam_n[0m="id:63 user_id:2 stock_id:3 type:MORTGAGE_TRANSACTION stock_quantity:5 total:-600 "
[37mDEBU[0m[0008] Attempting                                    [37mmethod[0m=SendTransaction [37mmodule[0m="socketapi/datastreams" [37mparam_n[0m="id:64 user_id:4 stock_id:1 type:MORTGAGE_TRANSACTION stock_quantity:5 total:-300 "
[37mDEBU[0m[0008] No listener found. Done.                      [37mmethod[0m=SendTransaction [37mmodule[0m="socketapi/datastreams" [37mparam_n[0m="id:64 user_id:4 stock_id:1 type:MORTGAGE_TRANSACTION stock_quantity:5 total:-300 "
[37mDEBU[0m[0009] Attempting                                    [37mmethod[0m=SendTransaction [37mmodule[0m="socketapi/datastreams" [37mparam_n[0m="id:70 user_id:2 stock_id:1 type:MORTGAGE_TRANSACTION stock_quantity:-7 total:560 "
[37mDEBU[0m[0009] No listener found. Done.                      [37mmethod[0m=SendTransaction [37mmodule[0m="socketapi/datastreams" [37mparam_n[0m="id:70 user_id:2 stock_id:1 type:MORTGAGE_TRANSACTION stock_quantity:-7 total:560 "
[37mDEBU[0m[0009] Attempting                                    [37mmethod[0m=SendTransaction [37mmodule[0m="socketapi/datastreams" [37mparam_n[0m="id:71 user_id:2 stock_id:1 type:MORTGAGE_TRANSACTION stock_quantity:-2 total:160 "
[37mDEBU[0m[0009] No listener found. Done.                      [37mmethod[0m=SendTransaction [37mmodule[0m="socketapi/datastreams" [37mparam_n[0m="id:71 user_id:2 stock_id:1 type:MORTGAGE_TRANSACTION stock_quantity:-2 total:160 "
[37mDEBU[0m[0010] Attempting                                    [37mmethod[0m=SendTransaction [37mmodule[0m="socketapi/datastreams" [37mparam_n[0m="id:72 user_id:2 stock_id:3 type:MORTGAGE_TRANSACTION stock_quantity:-15 total:2400 "
[37mDEBU[0m[0010] No listener found. Done.                      [37mmethod[0m=SendTransaction [37mmodule[0m="socketapi/datastreams" [37mparam_n[0m="id:72 user_id:2 stock_id:3 type:MORTGAGE_TRANSACTION stock_quantity:-15 total:2400 "
[37mDEBU[0m[0010] Attempting                                    [37mmethod[0m=SendTransaction [37mmodule[0m="socketapi/datastreams" [37mparam_n[0m="id:73 user_id:2 stock_id:3 type:MORTGAGE_TRANSACTION stock_quantity:-5 total:800 "
[37mDEBU[0m[0010] No listener found. Done.                      [37mmethod[0m=SendTransaction [37mmodule[0m="socketapi/datastreams" [37mparam_n[0m="id:73 user_id:2 stock_id:3 type:MORTGAGE_TRANSACTION stock_quantity:-5 total:800 "
[37mDEBU[0m[0010] Attempting                                    [37mmethod[0m=SendTransaction [37mmodule[0m="socketapi/datastreams" [37mparam_n[0m="id:74 user_id:4 stock_id:1 type:MORTGAGE_TRANSACTION stock_quantity:-5 total:400 "
[37mDEBU[0m[0010] No listener found. Done.                      [37mmethod[0m=SendTransaction [37mmodule[0m="socketapi/datastreams" [37mparam_n[0m="id:74 user_id:4 stock_id:1 type:MORTGAGE_TRANSACTION stock_quantity:-5 total:400 "
time="2017-02-21T03:44:15+05:30" level=debug msg=Lol module="socketapi/datastreams" 
time="2017-02-21T03:44:15+05:30" level=debug msg="0 listeners as of now" method=InitStockPricesStream module="socketapi/datastreams" 
time="2017-02-21T03:44:15+05:30" level=debug msg="Nothing dirty yet. Sleeping for 15 seconds" method=InitStockPricesStream module="socketapi/datastreams" 
time="2017-02-21T03:44:15+05:30" level=debug msg="0 listeners as of now" method=InitStockExchangeStream module="socketapi/datastreams" 
time="2017-02-21T03:44:15+05:30" level=debug msg="Nothing dirty yet. Sleeping for 15 seconds" method=InitStockExchangeStream module="socketapi/datastreams" 
[37mDEBU[0m[0000] Lol                                           [37mmodule[0m="socketapi/datastreams"
[37mDEBU[0m[0000] 0 listeners as of now                         [37mmethod[0m=InitStockExchangeStream [37mmodule[0m="socketapi/datastreams"
[37mDEBU[0m[0000] Nothing dirty yet. Sleeping for 15 seconds    [37mmethod[0m=InitStockExchangeStream [37mmodule[0m="socketapi/datastreams"
[37mDEBU[0m[0000] 0 listeners as of now                         [37mmethod[0m=InitStockPricesStream [37mmodule[0m="socketapi/datastreams"
[37mDEBU[0m[0000] Nothing dirty yet. Sleeping for 15 seconds    [37mmethod[0m=InitStockPricesStream [37mmodule[0m="socketapi/datastreams"
[37mDEBU[0m[0004] Adding to the next stock exchange update      [37mmethod[0m=SendStockExchangeUpdate [37mmodule[0m="socketapi/datastreams" [37mparam_stockId[0m=1 [37mparam_stocksInExchange[0m=20 [37mparam_stocksInMarket[0m=10
[37mDEBU[0m[0004] Attempting                                    [37mmethod[0m=SendTransaction [37mmodule[0m="socketapi/datastreams" [37mparam_n[0m="id:61 user_id:2 stock_id:1 stock_quantity:10 price:102 total:-1020 "
[37mDEBU[0m[0004] No listener found. Done.                      [37mmethod[0m=SendTransaction [37mmodule[0m="socketapi/datastreams" [37mparam_n[0m="id:61 user_id:2 stock_id:1 stock_quantity:10 price:102 total:-1020 "
[37mDEBU[0m[0004] Adding to the next stock exchange update      [37mmethod[0m=SendStockExchangeUpdate [37mmodule[0m="socketapi/datastreams" [37mparam_stockId[0m=3 [37mparam_stocksInExchange[0m=10 [37mparam_stocksInMarket[0m=10
[37mDEBU[0m[0004] Attempting                                    [37mmethod[0m=SendTransaction [37mmodule[0m="socketapi/datastreams" [37mparam_n[0m="id:62 user_id:4 stock_id:3 stock_quantity:10 price:200 total:-2000 "
[37mDEBU[0m[0004] No listener found. Done.                      [37mmethod[0m=SendTransaction [37mmodule[0m="socketapi/datastreams" [37mparam_n[0m="id:62 user_id:4 stock_id:3 stock_quantity:10 price:200 total:-2000 "
[37mDEBU[0m[0004] Adding to the next stock exchange update      [37mmethod[0m=SendStockExchangeUpdate [37mmodule[0m="socketapi/datastreams" [37mparam_stockId[0m=1 [37mparam_stocksInExchange[0m=15 [37mparam_stocksInMarket[0m=15
[37mDEBU[0m[0004] Attempting                                    [37mmethod[0m=SendTransaction [37mmodule[0m="socketapi/datastreams" [37mparam_n[0m="id:63 user_id:3 stock_id:1 stock_quantity:5 price:102 total:-510 "
[37mDEBU[0m[0004] No listener found. Done.                      [37mmethod[0m=SendTransaction [37mmodule[0m="socketapi/datastreams" [37mparam_n[0m="id:63 user_id:3 stock_id:1 stock_quantity:5 price:102 total:-510 "
[37mDEBU[0m[0005] Attempting                                    [37mmethod[0m=SendTransaction [37mmodule[0m="socketapi/datastreams" [37mparam_n[0m="id:69 user_id:2 stock_id:1 type:MORTGAGE_TRANSACTION stock_quantity:7 total:-420 "
[37mDEBU[0m[0005] No listener found. Done.                      [37mmethod[0m=SendTransaction [37mmodule[0m="socketapi/datastreams" [37mparam_n[0m="id:69 user_id:2 stock_id:1 type:MORTGAGE_TRANSACTION stock_quantity:7 total:-420 "
[37mDEBU[0m[0005] Attempting                                    [37mmethod[0m=SendTransaction [37mmodule[0m="socketapi/datastreams" [37mparam_n[0m="id:70 user_id:2 stock_id:1 type:MORTGAGE_TRANSACTION stock_quantity:2 total:-120 "
[37mDEBU[0m[0005] No listener found. Done.                      [37mmethod[0m=SendTransaction [37mmodule[0m="socketapi/datastreams" [37mparam_n[0m="id:70 user_id:2 stock_id:1 type:MORTGAGE_TRANSACTION stock_quantity:2 total:-120 "
[37mDEBU[0m[0005] Attempting                                    [37mmethod[0m=SendTransaction [37mmodule[0m="socketapi/datastreams" [37mparam_n[0m="id:71 user_id:2 stock_id:3 type:MORTGAGE_TRANSACTION stock_quantity:5 total:-600 "
[37mDEBU[0m[0005] No listener found. Done.                      [37mmethod[0m=SendTransaction [37mmodule[0m="socketapi/datastreams" [37mparam_n[0m="id:71 user_id:2 stock_id:3 type:MORTGAGE_TRANSACTION stock_quantity:5 total:-600 "
[37mDEBU[0m[0005] Attempting                                    [37mmethod[0m=SendTransaction [37mmodule[0m="socketapi/datastreams" [37mparam_n[0m="id:72 user_id:4 stock_id:1 type:MORTGAGE_TRANSACTION stock_quantity:5 total:-300 "
[37mDEBU[0m[0005] No listener found. Done.                      [37mmethod[0m=SendTransaction [37mmodule[0m="socketapi/datastreams" [37mparam_n[0m="id:72 user_id:4 stock_id:1 type:MORTGAGE_TRANSACTION stock_quantity:5 total:-300 "
[37mDEBU[0m[0006] Attempting                                    [37mmethod[0m=SendTransaction [37mmodule[0m="socketapi/datastreams" [37mparam_n[0m="id:78 user_id:2 stock_id:1 type:MORTGAGE_TRANSACTION stock_quantity:-7 total:560 "
[37mDEBU[0m[0006] No listener found. Done.                      [37mmethod[0m=SendTransaction [37mmodule[0m="socketapi/datastreams" [37mparam_n[0m="id:78 user_id:2 stock_id:1 type:MORTGAGE_TRANSACTION stock_quantity:-7 total:560 "
[37mDEBU[0m[0006] Attempting                                    [37mmethod[0m=SendTransaction [37mmodule[0m="socketapi/datastreams" [37mparam_n[0m="id:79 user_id:2 stock_id:1 type:MORTGAGE_TRANSACTION stock_quantity:-2 total:160 "
[37mDEBU[0m[0006] No listener found. Done.                      [37mmethod[0m=SendTransaction [37mmodule[0m="socketapi/datastreams" [37mparam_n[0m="id:79 user_id:2 stock_id:1 type:MORTGAGE_TRANSACTION stock_quantity:-2 total:160 "
[37mDEBU[0m[0006] Attempting                                    [37mmethod[0m=SendTransaction [37mmodule[0m="socketapi/datastreams" [37mparam_n[0m="id:80 user_id:2 stock_id:3 type:MORTGAGE_TRANSACTION stock_quantity:-15 total:2400 "
[37mDEBU[0m[0006] No listener found. Done.                      [37mmethod[0m=SendTransaction [37mmodule[0m="socketapi/datastreams" [37mparam_n[0m="id:80 user_id:2 stock_id:3 type:MORTGAGE_TRANSACTION stock_quantity:-15 total:2400 "
[37mDEBU[0m[0006] Attempting                                    [37mmethod[0m=SendTransaction [37mmodule[0m="socketapi/datastreams" [37mparam_n[0m="id:81 user_id:2 stock_id:3 type:MORTGAGE_TRANSACTION stock_quantity:-5 total:800 "
[37mDEBU[0m[0006] No listener found. Done.                      [37mmethod[0m=SendTransaction [37mmodule[0m="socketapi/datastreams" [37mparam_n[0m="id:81 user_id:2 stock_id:3 type:MORTGAGE_TRANSACTION stock_quantity:-5 total:800 "
[37mDEBU[0m[0006] Attempting                                    [37mmethod[0m=SendTransaction [37mmodule[0m="socketapi/datastreams" [37mparam_n[0m="id:82 user_id:4 stock_id:1 type:MORTGAGE_TRANSACTION stock_quantity:-5 total:400 "
[37mDEBU[0m[0006] No listener found. Done.                      [37mmethod[0m=SendTransaction [37mmodule[0m="socketapi/datastreams" [37mparam_n[0m="id:82 user_id:4 stock_id:1 type:MORTGAGE_TRANSACTION stock_quantity:-5 total:400 "
time="2017-02-21T03:45:07+05:30" level=debug msg=Lol module="socketapi/datastreams" 
time="2017-02-21T03:45:07+05:30" level=debug msg="0 listeners as of now" method=InitStockExchangeStream module="socketapi/datastreams" 
time="2017-02-21T03:45:07+05:30" level=debug msg="Nothing dirty yet. Sleeping for 15 seconds" method=InitStockExchangeStream module="socketapi/datastreams" 
time="2017-02-21T03:45:07+05:30" level=debug msg="0 listeners as of now" method=InitStockPricesStream module="socketapi/datastreams" 
time="2017-02-21T03:45:07+05:30" level=debug msg="Nothing dirty yet. Sleeping for 15 seconds" method=InitStockPricesStream module="socketapi/datastreams" 
[37mDEBU[0m[0000] Lol                                           [37mmodule[0m="socketapi/datastreams"
[37mDEBU[0m[0000] 0 listeners as of now                         [37mmethod[0m=InitStockExchangeStream [37mmodule[0m="socketapi/datastreams"
[37mDEBU[0m[0000] 0 listeners as of now                         [37mmethod[0m=InitStockPricesStream [37mmodule[0m="socketapi/datastreams"
[37mDEBU[0m[0000] Nothing dirty yet. Sleeping for 15 seconds    [37mmethod[0m=InitStockExchangeStream [37mmodule[0m="socketapi/datastreams"
[37mDEBU[0m[0000] Nothing dirty yet. Sleeping for 15 seconds    [37mmethod[0m=InitStockPricesStream [37mmodule[0m="socketapi/datastreams"
[37mDEBU[0m[0008] Adding to the next stock exchange update      [37mmethod[0m=SendStockExchangeUpdate [37mmodule[0m="socketapi/datastreams" [37mparam_stockId[0m=1 [37mparam_stocksInExchange[0m=20 [37mparam_stocksInMarket[0m=10
[37mDEBU[0m[0008] Attempting                                    [37mmethod[0m=SendTransaction [37mmodule[0m="socketapi/datastreams" [37mparam_n[0m="id:24 user_id:2 stock_id:1 stock_quantity:10 price:102 total:-1020 "
[37mDEBU[0m[0008] No listener found. Done.                      [37mmethod[0m=SendTransaction [37mmodule[0m="socketapi/datastreams" [37mparam_n[0m="id:24 user_id:2 stock_id:1 stock_quantity:10 price:102 total:-1020 "
[37mDEBU[0m[0008] Adding to the next stock exchange update      [37mmethod[0m=SendStockExchangeUpdate [37mmodule[0m="socketapi/datastreams" [37mparam_stockId[0m=1 [37mparam_stocksInExchange[0m=15 [37mparam_stocksInMarket[0m=15
[37mDEBU[0m[0008] Attempting                                    [37mmethod[0m=SendTransaction [37mmodule[0m="socketapi/datastreams" [37mparam_n[0m="id:25 user_id:3 stock_id:1 stock_quantity:5 price:102 total:-510 "
[37mDEBU[0m[0008] No listener found. Done.                      [37mmethod[0m=SendTransaction [37mmodule[0m="socketapi/datastreams" [37mparam_n[0m="id:25 user_id:3 stock_id:1 stock_quantity:5 price:102 total:-510 "
[37mDEBU[0m[0008] Adding to the next stock exchange update      [37mmethod[0m=SendStockExchangeUpdate [37mmodule[0m="socketapi/datastreams" [37mparam_stockId[0m=3 [37mparam_stocksInExchange[0m=10 [37mparam_stocksInMarket[0m=10
[37mDEBU[0m[0008] Attempting                                    [37mmethod[0m=SendTransaction [37mmodule[0m="socketapi/datastreams" [37mparam_n[0m="id:26 user_id:4 stock_id:3 stock_quantity:10 price:201 total:-2010 "
[37mDEBU[0m[0008] No listener found. Done.                      [37mmethod[0m=SendTransaction [37mmodule[0m="socketapi/datastreams" [37mparam_n[0m="id:26 user_id:4 stock_id:3 stock_quantity:10 price:201 total:-2010 "
[37mDEBU[0m[0009] Attempting                                    [37mmethod[0m=SendTransaction [37mmodule[0m="socketapi/datastreams" [37mparam_n[0m="id:32 user_id:2 stock_id:1 type:MORTGAGE_TRANSACTION stock_quantity:7 total:-420 "
[37mDEBU[0m[0009] No listener found. Done.                      [37mmethod[0m=SendTransaction [37mmodule[0m="socketapi/datastreams" [37mparam_n[0m="id:32 user_id:2 stock_id:1 type:MORTGAGE_TRANSACTION stock_quantity:7 total:-420 "
[37mDEBU[0m[0009] Attempting                                    [37mmethod[0m=SendTransaction [37mmodule[0m="socketapi/datastreams" [37mparam_n[0m="id:33 user_id:2 stock_id:1 type:MORTGAGE_TRANSACTION stock_quantity:2 total:-120 "
[37mDEBU[0m[0009] No listener found. Done.                      [37mmethod[0m=SendTransaction [37mmodule[0m="socketapi/datastreams" [37mparam_n[0m="id:33 user_id:2 stock_id:1 type:MORTGAGE_TRANSACTION stock_quantity:2 total:-120 "
[37mDEBU[0m[0009] Attempting                                    [37mmethod[0m=SendTransaction [37mmodule[0m="socketapi/datastreams" [37mparam_n[0m="id:34 user_id:2 stock_id:3 type:MORTGAGE_TRANSACTION stock_quantity:5 total:-600 "
[37mDEBU[0m[0009] No listener found. Done.                      [37mmethod[0m=SendTransaction [37mmodule[0m="socketapi/datastreams" [37mparam_n[0m="id:34 user_id:2 stock_id:3 type:MORTGAGE_TRANSACTION stock_quantity:5 total:-600 "
[37mDEBU[0m[0009] Attempting                                    [37mmethod[0m=SendTransaction [37mmodule[0m="socketapi/datastreams" [37mparam_n[0m="id:35 user_id:4 stock_id:1 type:MORTGAGE_TRANSACTION stock_quantity:5 total:-300 "
[37mDEBU[0m[0009] No listener found. Done.                      [37mmethod[0m=SendTransaction [37mmodule[0m="socketapi/datastreams" [37mparam_n[0m="id:35 user_id:4 stock_id:1 type:MORTGAGE_TRANSACTION stock_quantity:5 total:-300 "
[37mDEBU[0m[0010] Attempting                                    [37mmethod[0m=SendTransaction [37mmodule[0m="socketapi/datastreams" [37mparam_n[0m="id:41 user_id:2 stock_id:1 type:MORTGAGE_TRANSACTION stock_quantity:-7 total:560 "
[37mDEBU[0m[0010] No listener found. Done.                      [37mmethod[0m=SendTransaction [37mmodule[0m="socketapi/datastreams" [37mparam_n[0m="id:41 user_id:2 stock_id:1 type:MORTGAGE_TRANSACTION stock_quantity:-7 total:560 "
[37mDEBU[0m[0011] Attempting                                    [37mmethod[0m=SendTransaction [37mmodule[0m="socketapi/datastreams" [37mparam_n[0m="id:42 user_id:2 stock_id:1 type:MORTGAGE_TRANSACTION stock_quantity:-2 total:160 "
[37mDEBU[0m[0011] No listener found. Done.                      [37mmethod[0m=SendTransaction [37mmodule[0m="socketapi/datastreams" [37mparam_n[0m="id:42 user_id:2 stock_id:1 type:MORTGAGE_TRANSACTION stock_quantity:-2 total:160 "
[37mDEBU[0m[0011] Attempting                                    [37mmethod[0m=SendTransaction [37mmodule[0m="socketapi/datastreams" [37mparam_n[0m="id:43 user_id:2 stock_id:3 type:MORTGAGE_TRANSACTION stock_quantity:-15 total:2400 "
[37mDEBU[0m[0011] No listener found. Done.                      [37mmethod[0m=SendTransaction [37mmodule[0m="socketapi/datastreams" [37mparam_n[0m="id:43 user_id:2 stock_id:3 type:MORTGAGE_TRANSACTION stock_quantity:-15 total:2400 "
[37mDEBU[0m[0011] Attempting                                    [37mmethod[0m=SendTransaction [37mmodule[0m="socketapi/datastreams" [37mparam_n[0m="id:44 user_id:2 stock_id:3 type:MORTGAGE_TRANSACTION stock_quantity:-5 total:800 "
[37mDEBU[0m[0011] No listener found. Done.                      [37mmethod[0m=SendTransaction [37mmodule[0m="socketapi/datastreams" [37mparam_n[0m="id:44 user_id:2 stock_id:3 type:MORTGAGE_TRANSACTION stock_quantity:-5 total:800 "
[37mDEBU[0m[0011] Attempting                                    [37mmethod[0m=SendTransaction [37mmodule[0m="socketapi/datastreams" [37mparam_n[0m="id:45 user_id:4 stock_id:1 type:MORTGAGE_TRANSACTION stock_quantity:-5 total:400 "
[37mDEBU[0m[0011] No listener found. Done.                      [37mmethod[0m=SendTransaction [37mmodule[0m="socketapi/datastreams" [37mparam_n[0m="id:45 user_id:4 stock_id:1 type:MORTGAGE_TRANSACTION stock_quantity:-5 total:400 "
time="2017-02-21T04:06:35+05:30" level=debug msg=Lol module="socketapi/datastreams" 
time="2017-02-21T04:06:35+05:30" level=debug msg="0 listeners as of now" method=InitStockExchangeStream module="socketapi/datastreams" 
time="2017-02-21T04:06:35+05:30" level=debug msg="Nothing dirty yet. Sleeping for 15 seconds" method=InitStockExchangeStream module="socketapi/datastreams" 
time="2017-02-21T04:06:35+05:30" level=debug msg="0 listeners as of now" method=InitStockPricesStream module="socketapi/datastreams" 
time="2017-02-21T04:06:35+05:30" level=debug msg="Nothing dirty yet. Sleeping for 15 seconds" method=InitStockPricesStream module="socketapi/datastreams" 
[37mDEBU[0m[0000] Lol                                           [37mmodule[0m="socketapi/datastreams"
[37mDEBU[0m[0000] 0 listeners as of now                         [37mmethod[0m=InitStockExchangeStream [37mmodule[0m="socketapi/datastreams"
[37mDEBU[0m[0000] 0 listeners as of now                         [37mmethod[0m=InitStockPricesStream [37mmodule[0m="socketapi/datastreams"
[37mDEBU[0m[0000] Nothing dirty yet. Sleeping for 15 seconds    [37mmethod[0m=InitStockExchangeStream [37mmodule[0m="socketapi/datastreams"
[37mDEBU[0m[0000] Nothing dirty yet. Sleeping for 15 seconds    [37mmethod[0m=InitStockPricesStream [37mmodule[0m="socketapi/datastreams"
[37mDEBU[0m[0004] Adding to the next stock exchange update      [37mmethod[0m=SendStockExchangeUpdate [37mmodule[0m="socketapi/datastreams" [37mparam_stockId[0m=1 [37mparam_stocksInExchange[0m=20 [37mparam_stocksInMarket[0m=10
[37mDEBU[0m[0004] Attempting                                    [37mmethod[0m=SendTransaction [37mmodule[0m="socketapi/datastreams" [37mparam_n[0m="id:61 user_id:2 stock_id:1 stock_quantity:10 price:102 total:-1020 "
[37mDEBU[0m[0004] No listener found. Done.                      [37mmethod[0m=SendTransaction [37mmodule[0m="socketapi/datastreams" [37mparam_n[0m="id:61 user_id:2 stock_id:1 stock_quantity:10 price:102 total:-1020 "
[37mDEBU[0m[0004] Adding to the next stock exchange update      [37mmethod[0m=SendStockExchangeUpdate [37mmodule[0m="socketapi/datastreams" [37mparam_stockId[0m=1 [37mparam_stocksInExchange[0m=15 [37mparam_stocksInMarket[0m=15
[37mDEBU[0m[0004] Attempting                                    [37mmethod[0m=SendTransaction [37mmodule[0m="socketapi/datastreams" [37mparam_n[0m="id:62 user_id:3 stock_id:1 stock_quantity:5 price:102 total:-510 "
[37mDEBU[0m[0004] No listener found. Done.                      [37mmethod[0m=SendTransaction [37mmodule[0m="socketapi/datastreams" [37mparam_n[0m="id:62 user_id:3 stock_id:1 stock_quantity:5 price:102 total:-510 "
[37mDEBU[0m[0005] Adding to the next stock exchange update      [37mmethod[0m=SendStockExchangeUpdate [37mmodule[0m="socketapi/datastreams" [37mparam_stockId[0m=3 [37mparam_stocksInExchange[0m=10 [37mparam_stocksInMarket[0m=10
[37mDEBU[0m[0005] Attempting                                    [37mmethod[0m=SendTransaction [37mmodule[0m="socketapi/datastreams" [37mparam_n[0m="id:63 user_id:4 stock_id:3 stock_quantity:10 price:200 total:-2000 "
[37mDEBU[0m[0005] No listener found. Done.                      [37mmethod[0m=SendTransaction [37mmodule[0m="socketapi/datastreams" [37mparam_n[0m="id:63 user_id:4 stock_id:3 stock_quantity:10 price:200 total:-2000 "
[37mDEBU[0m[0006] Attempting                                    [37mmethod[0m=SendTransaction [37mmodule[0m="socketapi/datastreams" [37mparam_n[0m="id:69 user_id:2 stock_id:1 type:MORTGAGE_TRANSACTION stock_quantity:7 total:-420 "
[37mDEBU[0m[0006] No listener found. Done.                      [37mmethod[0m=SendTransaction [37mmodule[0m="socketapi/datastreams" [37mparam_n[0m="id:69 user_id:2 stock_id:1 type:MORTGAGE_TRANSACTION stock_quantity:7 total:-420 "
[37mDEBU[0m[0006] Attempting                                    [37mmethod[0m=SendTransaction [37mmodule[0m="socketapi/datastreams" [37mparam_n[0m="id:70 user_id:2 stock_id:1 type:MORTGAGE_TRANSACTION stock_quantity:2 total:-120 "
[37mDEBU[0m[0006] No listener found. Done.                      [37mmethod[0m=SendTransaction [37mmodule[0m="socketapi/datastreams" [37mparam_n[0m="id:70 user_id:2 stock_id:1 type:MORTGAGE_TRANSACTION stock_quantity:2 total:-120 "
[37mDEBU[0m[0006] Attempting                                    [37mmethod[0m=SendTransaction [37mmodule[0m="socketapi/datastreams" [37mparam_n[0m="id:71 user_id:2 stock_id:3 type:MORTGAGE_TRANSACTION stock_quantity:5 total:-600 "
[37mDEBU[0m[0006] No listener found. Done.                      [37mmethod[0m=SendTransaction [37mmodule[0m="socketapi/datastreams" [37mparam_n[0m="id:71 user_id:2 stock_id:3 type:MORTGAGE_TRANSACTION stock_quantity:5 total:-600 "
[37mDEBU[0m[0006] Attempting                                    [37mmethod[0m=SendTransaction [37mmodule[0m="socketapi/datastreams" [37mparam_n[0m="id:72 user_id:4 stock_id:1 type:MORTGAGE_TRANSACTION stock_quantity:5 total:-300 "
[37mDEBU[0m[0006] No listener found. Done.                      [37mmethod[0m=SendTransaction [37mmodule[0m="socketapi/datastreams" [37mparam_n[0m="id:72 user_id:4 stock_id:1 type:MORTGAGE_TRANSACTION stock_quantity:5 total:-300 "
[37mDEBU[0m[0007] Attempting                                    [37mmethod[0m=SendTransaction [37mmodule[0m="socketapi/datastreams" [37mparam_n[0m="id:78 user_id:2 stock_id:1 type:MORTGAGE_TRANSACTION stock_quantity:-7 total:560 "
[37mDEBU[0m[0007] No listener found. Done.                      [37mmethod[0m=SendTransaction [37mmodule[0m="socketapi/datastreams" [37mparam_n[0m="id:78 user_id:2 stock_id:1 type:MORTGAGE_TRANSACTION stock_quantity:-7 total:560 "
[37mDEBU[0m[0007] Attempting                                    [37mmethod[0m=SendTransaction [37mmodule[0m="socketapi/datastreams" [37mparam_n[0m="id:79 user_id:2 stock_id:1 type:MORTGAGE_TRANSACTION stock_quantity:-2 total:160 "
[37mDEBU[0m[0007] No listener found. Done.                      [37mmethod[0m=SendTransaction [37mmodule[0m="socketapi/datastreams" [37mparam_n[0m="id:79 user_id:2 stock_id:1 type:MORTGAGE_TRANSACTION stock_quantity:-2 total:160 "
[37mDEBU[0m[0007] Attempting                                    [37mmethod[0m=SendTransaction [37mmodule[0m="socketapi/datastreams" [37mparam_n[0m="id:80 user_id:2 stock_id:3 type:MORTGAGE_TRANSACTION stock_quantity:-15 total:2400 "
[37mDEBU[0m[0007] No listener found. Done.                      [37mmethod[0m=SendTransaction [37mmodule[0m="socketapi/datastreams" [37mparam_n[0m="id:80 user_id:2 stock_id:3 type:MORTGAGE_TRANSACTION stock_quantity:-15 total:2400 "
[37mDEBU[0m[0007] Attempting                                    [37mmethod[0m=SendTransaction [37mmodule[0m="socketapi/datastreams" [37mparam_n[0m="id:81 user_id:2 stock_id:3 type:MORTGAGE_TRANSACTION stock_quantity:-5 total:800 "
[37mDEBU[0m[0007] No listener found. Done.                      [37mmethod[0m=SendTransaction [37mmodule[0m="socketapi/datastreams" [37mparam_n[0m="id:81 user_id:2 stock_id:3 type:MORTGAGE_TRANSACTION stock_quantity:-5 total:800 "
[37mDEBU[0m[0007] Attempting                                    [37mmethod[0m=SendTransaction [37mmodule[0m="socketapi/datastreams" [37mparam_n[0m="id:82 user_id:4 stock_id:1 type:MORTGAGE_TRANSACTION stock_quantity:-5 total:400 "
[37mDEBU[0m[0007] No listener found. Done.                      [37mmethod[0m=SendTransaction [37mmodule[0m="socketapi/datastreams" [37mparam_n[0m="id:82 user_id:4 stock_id:1 type:MORTGAGE_TRANSACTION stock_quantity:-5 total:400 "
time="2017-02-21T04:18:22+05:30" level=debug msg=Lol module="socketapi/datastreams" 
time="2017-02-21T04:18:23+05:30" level=debug msg="0 listeners as of now" method=InitStockExchangeStream module="socketapi/datastreams" 
time="2017-02-21T04:18:23+05:30" level=debug msg="Nothing dirty yet. Sleeping for 15 seconds" method=InitStockExchangeStream module="socketapi/datastreams" 
time="2017-02-21T04:18:23+05:30" level=debug msg="0 listeners as of now" method=InitStockPricesStream module="socketapi/datastreams" 
time="2017-02-21T04:18:23+05:30" level=debug msg="Nothing dirty yet. Sleeping for 15 seconds" method=InitStockPricesStream module="socketapi/datastreams" 
[37mDEBU[0m[0000] Lol                                           [37mmodule[0m="socketapi/datastreams"
[37mDEBU[0m[0000] 0 listeners as of now                         [37mmethod[0m=InitStockExchangeStream [37mmodule[0m="socketapi/datastreams"
[37mDEBU[0m[0000] Nothing dirty yet. Sleeping for 15 seconds    [37mmethod[0m=InitStockExchangeStream [37mmodule[0m="socketapi/datastreams"
[37mDEBU[0m[0000] 0 listeners as of now                         [37mmethod[0m=InitStockPricesStream [37mmodule[0m="socketapi/datastreams"
[37mDEBU[0m[0000] Nothing dirty yet. Sleeping for 15 seconds    [37mmethod[0m=InitStockPricesStream [37mmodule[0m="socketapi/datastreams"
[37mDEBU[0m[0005] Adding to the next stock exchange update      [37mmethod[0m=SendStockExchangeUpdate [37mmodule[0m="socketapi/datastreams" [37mparam_stockId[0m=3 [37mparam_stocksInExchange[0m=10 [37mparam_stocksInMarket[0m=10
[37mDEBU[0m[0005] Attempting                                    [37mmethod[0m=SendTransaction [37mmodule[0m="socketapi/datastreams" [37mparam_n[0m="id:98 user_id:4 stock_id:3 stock_quantity:10 price:200 total:-2000 "
[37mDEBU[0m[0005] No listener found. Done.                      [37mmethod[0m=SendTransaction [37mmodule[0m="socketapi/datastreams" [37mparam_n[0m="id:98 user_id:4 stock_id:3 stock_quantity:10 price:200 total:-2000 "
[37mDEBU[0m[0005] Adding to the next stock exchange update      [37mmethod[0m=SendStockExchangeUpdate [37mmodule[0m="socketapi/datastreams" [37mparam_stockId[0m=1 [37mparam_stocksInExchange[0m=25 [37mparam_stocksInMarket[0m=5
[37mDEBU[0m[0005] Attempting                                    [37mmethod[0m=SendTransaction [37mmodule[0m="socketapi/datastreams" [37mparam_n[0m="id:99 user_id:3 stock_id:1 stock_quantity:5 price:102 total:-510 "
[37mDEBU[0m[0005] No listener found. Done.                      [37mmethod[0m=SendTransaction [37mmodule[0m="socketapi/datastreams" [37mparam_n[0m="id:99 user_id:3 stock_id:1 stock_quantity:5 price:102 total:-510 "
[37mDEBU[0m[0005] Adding to the next stock exchange update      [37mmethod[0m=SendStockExchangeUpdate [37mmodule[0m="socketapi/datastreams" [37mparam_stockId[0m=3 [37mparam_stocksInExchange[0m=3 [37mparam_stocksInMarket[0m=17
[37mDEBU[0m[0005] Attempting                                    [37mmethod[0m=SendTransaction [37mmodule[0m="socketapi/datastreams" [37mparam_n[0m="id:100 user_id:2 stock_id:3 stock_quantity:7 price:200 total:-1400 "
[37mDEBU[0m[0005] No listener found. Done.                      [37mmethod[0m=SendTransaction [37mmodule[0m="socketapi/datastreams" [37mparam_n[0m="id:100 user_id:2 stock_id:3 stock_quantity:7 price:200 total:-1400 "
[37mDEBU[0m[0006] Attempting                                    [37mmethod[0m=SendTransaction [37mmodule[0m="socketapi/datastreams" [37mparam_n[0m="id:106 user_id:2 stock_id:1 type:MORTGAGE_TRANSACTION stock_quantity:7 total:-420 "
[37mDEBU[0m[0006] No listener found. Done.                      [37mmethod[0m=SendTransaction [37mmodule[0m="socketapi/datastreams" [37mparam_n[0m="id:106 user_id:2 stock_id:1 type:MORTGAGE_TRANSACTION stock_quantity:7 total:-420 "
[37mDEBU[0m[0006] Attempting                                    [37mmethod[0m=SendTransaction [37mmodule[0m="socketapi/datastreams" [37mparam_n[0m="id:107 user_id:2 stock_id:1 type:MORTGAGE_TRANSACTION stock_quantity:2 total:-120 "
[37mDEBU[0m[0006] No listener found. Done.                      [37mmethod[0m=SendTransaction [37mmodule[0m="socketapi/datastreams" [37mparam_n[0m="id:107 user_id:2 stock_id:1 type:MORTGAGE_TRANSACTION stock_quantity:2 total:-120 "
[37mDEBU[0m[0006] Attempting                                    [37mmethod[0m=SendTransaction [37mmodule[0m="socketapi/datastreams" [37mparam_n[0m="id:108 user_id:2 stock_id:3 type:MORTGAGE_TRANSACTION stock_quantity:5 total:-600 "
[37mDEBU[0m[0006] No listener found. Done.                      [37mmethod[0m=SendTransaction [37mmodule[0m="socketapi/datastreams" [37mparam_n[0m="id:108 user_id:2 stock_id:3 type:MORTGAGE_TRANSACTION stock_quantity:5 total:-600 "
[37mDEBU[0m[0006] Attempting                                    [37mmethod[0m=SendTransaction [37mmodule[0m="socketapi/datastreams" [37mparam_n[0m="id:109 user_id:4 stock_id:1 type:MORTGAGE_TRANSACTION stock_quantity:5 total:-300 "
[37mDEBU[0m[0006] No listener found. Done.                      [37mmethod[0m=SendTransaction [37mmodule[0m="socketapi/datastreams" [37mparam_n[0m="id:109 user_id:4 stock_id:1 type:MORTGAGE_TRANSACTION stock_quantity:5 total:-300 "
[37mDEBU[0m[0007] Attempting                                    [37mmethod[0m=SendTransaction [37mmodule[0m="socketapi/datastreams" [37mparam_n[0m="id:115 user_id:2 stock_id:1 type:MORTGAGE_TRANSACTION stock_quantity:-7 total:560 "
[37mDEBU[0m[0007] No listener found. Done.                      [37mmethod[0m=SendTransaction [37mmodule[0m="socketapi/datastreams" [37mparam_n[0m="id:115 user_id:2 stock_id:1 type:MORTGAGE_TRANSACTION stock_quantity:-7 total:560 "
[37mDEBU[0m[0008] Attempting                                    [37mmethod[0m=SendTransaction [37mmodule[0m="socketapi/datastreams" [37mparam_n[0m="id:116 user_id:2 stock_id:1 type:MORTGAGE_TRANSACTION stock_quantity:-2 total:160 "
[37mDEBU[0m[0008] No listener found. Done.                      [37mmethod[0m=SendTransaction [37mmodule[0m="socketapi/datastreams" [37mparam_n[0m="id:116 user_id:2 stock_id:1 type:MORTGAGE_TRANSACTION stock_quantity:-2 total:160 "
[37mDEBU[0m[0008] Attempting                                    [37mmethod[0m=SendTransaction [37mmodule[0m="socketapi/datastreams" [37mparam_n[0m="id:117 user_id:2 stock_id:3 type:MORTGAGE_TRANSACTION stock_quantity:-15 total:2400 "
[37mDEBU[0m[0008] No listener found. Done.                      [37mmethod[0m=SendTransaction [37mmodule[0m="socketapi/datastreams" [37mparam_n[0m="id:117 user_id:2 stock_id:3 type:MORTGAGE_TRANSACTION stock_quantity:-15 total:2400 "
[37mDEBU[0m[0008] Attempting                                    [37mmethod[0m=SendTransaction [37mmodule[0m="socketapi/datastreams" [37mparam_n[0m="id:118 user_id:2 stock_id:3 type:MORTGAGE_TRANSACTION stock_quantity:-5 total:800 "
[37mDEBU[0m[0008] No listener found. Done.                      [37mmethod[0m=SendTransaction [37mmodule[0m="socketapi/datastreams" [37mparam_n[0m="id:118 user_id:2 stock_id:3 type:MORTGAGE_TRANSACTION stock_quantity:-5 total:800 "
[37mDEBU[0m[0008] Attempting                                    [37mmethod[0m=SendTransaction [37mmodule[0m="socketapi/datastreams" [37mparam_n[0m="id:119 user_id:4 stock_id:1 type:MORTGAGE_TRANSACTION stock_quantity:-5 total:400 "
[37mDEBU[0m[0008] No listener found. Done.                      [37mmethod[0m=SendTransaction [37mmodule[0m="socketapi/datastreams" [37mparam_n[0m="id:119 user_id:4 stock_id:1 type:MORTGAGE_TRANSACTION stock_quantity:-5 total:400 "
time="2017-02-21T08:41:06+05:30" level=debug msg=Lol module="socketapi/datastreams" 
time="2017-02-21T08:41:06+05:30" level=debug msg="0 listeners as of now" method=InitStockExchangeStream module="socketapi/datastreams" 
time="2017-02-21T08:41:06+05:30" level=debug msg="Nothing dirty yet. Sleeping for 15 seconds" method=InitStockExchangeStream module="socketapi/datastreams" 
time="2017-02-21T08:41:06+05:30" level=debug msg="0 listeners as of now" method=InitStockPricesStream module="socketapi/datastreams" 
time="2017-02-21T08:41:06+05:30" level=debug msg="Nothing dirty yet. Sleeping for 15 seconds" method=InitStockPricesStream module="socketapi/datastreams" 
[37mDEBU[0m[0000] Lol                                           [37mmodule[0m="socketapi/datastreams"
[37mDEBU[0m[0000] 0 listeners as of now                         [37mmethod[0m=InitStockPricesStream [37mmodule[0m="socketapi/datastreams"
[37mDEBU[0m[0000] Nothing dirty yet. Sleeping for 15 seconds    [37mmethod[0m=InitStockPricesStream [37mmodule[0m="socketapi/datastreams"
[37mDEBU[0m[0000] 0 listeners as of now                         [37mmethod[0m=InitStockExchangeStream [37mmodule[0m="socketapi/datastreams"
[37mDEBU[0m[0000] Nothing dirty yet. Sleeping for 15 seconds    [37mmethod[0m=InitStockExchangeStream [37mmodule[0m="socketapi/datastreams"
[37mDEBU[0m[0005] Adding to the next stock exchange update      [37mmethod[0m=SendStockExchangeUpdate [37mmodule[0m="socketapi/datastreams" [37mparam_stockId[0m=1 [37mparam_stocksInExchange[0m=20 [37mparam_stocksInMarket[0m=10
[37mDEBU[0m[0005] Attempting                                    [37mmethod[0m=SendTransaction [37mmodule[0m="socketapi/datastreams" [37mparam_n[0m="id:135 user_id:2 stock_id:1 stock_quantity:10 price:102 total:-1020 "
[37mDEBU[0m[0005] No listener found. Done.                      [37mmethod[0m=SendTransaction [37mmodule[0m="socketapi/datastreams" [37mparam_n[0m="id:135 user_id:2 stock_id:1 stock_quantity:10 price:102 total:-1020 "
[37mDEBU[0m[0005] Adding to the next stock exchange update      [37mmethod[0m=SendStockExchangeUpdate [37mmodule[0m="socketapi/datastreams" [37mparam_stockId[0m=1 [37mparam_stocksInExchange[0m=15 [37mparam_stocksInMarket[0m=15
[37mDEBU[0m[0005] Attempting                                    [37mmethod[0m=SendTransaction [37mmodule[0m="socketapi/datastreams" [37mparam_n[0m="id:136 user_id:3 stock_id:1 stock_quantity:5 price:102 total:-510 "
[37mDEBU[0m[0005] No listener found. Done.                      [37mmethod[0m=SendTransaction [37mmodule[0m="socketapi/datastreams" [37mparam_n[0m="id:136 user_id:3 stock_id:1 stock_quantity:5 price:102 total:-510 "
[37mDEBU[0m[0005] Adding to the next stock exchange update      [37mmethod[0m=SendStockExchangeUpdate [37mmodule[0m="socketapi/datastreams" [37mparam_stockId[0m=3 [37mparam_stocksInExchange[0m=10 [37mparam_stocksInMarket[0m=10
[37mDEBU[0m[0005] Attempting                                    [37mmethod[0m=SendTransaction [37mmodule[0m="socketapi/datastreams" [37mparam_n[0m="id:137 user_id:4 stock_id:3 stock_quantity:10 price:200 total:-2000 "
[37mDEBU[0m[0005] No listener found. Done.                      [37mmethod[0m=SendTransaction [37mmodule[0m="socketapi/datastreams" [37mparam_n[0m="id:137 user_id:4 stock_id:3 stock_quantity:10 price:200 total:-2000 "
[37mDEBU[0m[0006] Attempting                                    [37mmethod[0m=SendTransaction [37mmodule[0m="socketapi/datastreams" [37mparam_n[0m="id:143 user_id:2 stock_id:1 type:MORTGAGE_TRANSACTION stock_quantity:7 total:-420 "
[37mDEBU[0m[0006] No listener found. Done.                      [37mmethod[0m=SendTransaction [37mmodule[0m="socketapi/datastreams" [37mparam_n[0m="id:143 user_id:2 stock_id:1 type:MORTGAGE_TRANSACTION stock_quantity:7 total:-420 "
[37mDEBU[0m[0006] Attempting                                    [37mmethod[0m=SendTransaction [37mmodule[0m="socketapi/datastreams" [37mparam_n[0m="id:144 user_id:2 stock_id:1 type:MORTGAGE_TRANSACTION stock_quantity:2 total:-120 "
[37mDEBU[0m[0006] No listener found. Done.                      [37mmethod[0m=SendTransaction [37mmodule[0m="socketapi/datastreams" [37mparam_n[0m="id:144 user_id:2 stock_id:1 type:MORTGAGE_TRANSACTION stock_quantity:2 total:-120 "
[37mDEBU[0m[0006] Attempting                                    [37mmethod[0m=SendTransaction [37mmodule[0m="socketapi/datastreams" [37mparam_n[0m="id:145 user_id:2 stock_id:3 type:MORTGAGE_TRANSACTION stock_quantity:5 total:-600 "
[37mDEBU[0m[0006] No listener found. Done.                      [37mmethod[0m=SendTransaction [37mmodule[0m="socketapi/datastreams" [37mparam_n[0m="id:145 user_id:2 stock_id:3 type:MORTGAGE_TRANSACTION stock_quantity:5 total:-600 "
[37mDEBU[0m[0007] Attempting                                    [37mmethod[0m=SendTransaction [37mmodule[0m="socketapi/datastreams" [37mparam_n[0m="id:146 user_id:4 stock_id:1 type:MORTGAGE_TRANSACTION stock_quantity:5 total:-300 "
[37mDEBU[0m[0007] No listener found. Done.                      [37mmethod[0m=SendTransaction [37mmodule[0m="socketapi/datastreams" [37mparam_n[0m="id:146 user_id:4 stock_id:1 type:MORTGAGE_TRANSACTION stock_quantity:5 total:-300 "
[37mDEBU[0m[0008] Attempting                                    [37mmethod[0m=SendTransaction [37mmodule[0m="socketapi/datastreams" [37mparam_n[0m="id:152 user_id:2 stock_id:1 type:MORTGAGE_TRANSACTION stock_quantity:-7 total:560 "
[37mDEBU[0m[0008] No listener found. Done.                      [37mmethod[0m=SendTransaction [37mmodule[0m="socketapi/datastreams" [37mparam_n[0m="id:152 user_id:2 stock_id:1 type:MORTGAGE_TRANSACTION stock_quantity:-7 total:560 "
[37mDEBU[0m[0008] Attempting                                    [37mmethod[0m=SendTransaction [37mmodule[0m="socketapi/datastreams" [37mparam_n[0m="id:153 user_id:2 stock_id:1 type:MORTGAGE_TRANSACTION stock_quantity:-2 total:160 "
[37mDEBU[0m[0008] No listener found. Done.                      [37mmethod[0m=SendTransaction [37mmodule[0m="socketapi/datastreams" [37mparam_n[0m="id:153 user_id:2 stock_id:1 type:MORTGAGE_TRANSACTION stock_quantity:-2 total:160 "
[37mDEBU[0m[0008] Attempting                                    [37mmethod[0m=SendTransaction [37mmodule[0m="socketapi/datastreams" [37mparam_n[0m="id:154 user_id:2 stock_id:3 type:MORTGAGE_TRANSACTION stock_quantity:-15 total:2400 "
[37mDEBU[0m[0008] No listener found. Done.                      [37mmethod[0m=SendTransaction [37mmodule[0m="socketapi/datastreams" [37mparam_n[0m="id:154 user_id:2 stock_id:3 type:MORTGAGE_TRANSACTION stock_quantity:-15 total:2400 "
[37mDEBU[0m[0008] Attempting                                    [37mmethod[0m=SendTransaction [37mmodule[0m="socketapi/datastreams" [37mparam_n[0m="id:155 user_id:2 stock_id:3 type:MORTGAGE_TRANSACTION stock_quantity:-5 total:800 "
[37mDEBU[0m[0008] No listener found. Done.                      [37mmethod[0m=SendTransaction [37mmodule[0m="socketapi/datastreams" [37mparam_n[0m="id:155 user_id:2 stock_id:3 type:MORTGAGE_TRANSACTION stock_quantity:-5 total:800 "
[37mDEBU[0m[0008] Attempting                                    [37mmethod[0m=SendTransaction [37mmodule[0m="socketapi/datastreams" [37mparam_n[0m="id:156 user_id:4 stock_id:1 type:MORTGAGE_TRANSACTION stock_quantity:-5 total:400 "
[37mDEBU[0m[0008] No listener found. Done.                      [37mmethod[0m=SendTransaction [37mmodule[0m="socketapi/datastreams" [37mparam_n[0m="id:156 user_id:4 stock_id:1 type:MORTGAGE_TRANSACTION stock_quantity:-5 total:400 "
time="2017-02-22T08:10:27+05:30" level=debug msg=Lol module="socketapi/datastreams" 
time="2017-02-22T08:10:27+05:30" level=debug msg="0 listeners as of now" method=InitStockPricesStream module="socketapi/datastreams" 
time="2017-02-22T08:10:27+05:30" level=debug msg="Nothing dirty yet. Sleeping for 15 seconds" method=InitStockPricesStream module="socketapi/datastreams" 
time="2017-02-22T08:10:27+05:30" level=debug msg="0 listeners as of now" method=InitStockExchangeStream module="socketapi/datastreams" 
time="2017-02-22T08:10:27+05:30" level=debug msg="Nothing dirty yet. Sleeping for 15 seconds" method=InitStockExchangeStream module="socketapi/datastreams" 
[37mDEBU[0m[0000] Lol                                           [37mmodule[0m="socketapi/datastreams"
[37mDEBU[0m[0000] 0 listeners as of now                         [37mmethod[0m=InitStockExchangeStream [37mmodule[0m="socketapi/datastreams"
[37mDEBU[0m[0000] 0 listeners as of now                         [37mmethod[0m=InitStockPricesStream [37mmodule[0m="socketapi/datastreams"
[37mDEBU[0m[0000] Nothing dirty yet. Sleeping for 15 seconds    [37mmethod[0m=InitStockPricesStream [37mmodule[0m="socketapi/datastreams"
[37mDEBU[0m[0000] Nothing dirty yet. Sleeping for 15 seconds    [37mmethod[0m=InitStockExchangeStream [37mmodule[0m="socketapi/datastreams"
[37mDEBU[0m[0006] Adding to the next stock exchange update      [37mmethod[0m=SendStockExchangeUpdate [37mmodule[0m="socketapi/datastreams" [37mparam_stockId[0m=1 [37mparam_stocksInExchange[0m=20 [37mparam_stocksInMarket[0m=10
[37mDEBU[0m[0006] Attempting                                    [37mmethod[0m=SendTransaction [37mmodule[0m="socketapi/datastreams" [37mparam_n[0m="id:24 user_id:2 stock_id:1 stock_quantity:10 price:101 total:-1010 "
[37mDEBU[0m[0006] No listener found. Done.                      [37mmethod[0m=SendTransaction [37mmodule[0m="socketapi/datastreams" [37mparam_n[0m="id:24 user_id:2 stock_id:1 stock_quantity:10 price:101 total:-1010 "
[37mDEBU[0m[0006] Adding to the next stock exchange update      [37mmethod[0m=SendStockExchangeUpdate [37mmodule[0m="socketapi/datastreams" [37mparam_stockId[0m=1 [37mparam_stocksInExchange[0m=15 [37mparam_stocksInMarket[0m=15
[37mDEBU[0m[0006] Attempting                                    [37mmethod[0m=SendTransaction [37mmodule[0m="socketapi/datastreams" [37mparam_n[0m="id:25 user_id:3 stock_id:1 stock_quantity:5 price:101 total:-505 "
[37mDEBU[0m[0006] No listener found. Done.                      [37mmethod[0m=SendTransaction [37mmodule[0m="socketapi/datastreams" [37mparam_n[0m="id:25 user_id:3 stock_id:1 stock_quantity:5 price:101 total:-505 "
[37mDEBU[0m[0006] Adding to the next stock exchange update      [37mmethod[0m=SendStockExchangeUpdate [37mmodule[0m="socketapi/datastreams" [37mparam_stockId[0m=3 [37mparam_stocksInExchange[0m=10 [37mparam_stocksInMarket[0m=10
[37mDEBU[0m[0006] Attempting                                    [37mmethod[0m=SendTransaction [37mmodule[0m="socketapi/datastreams" [37mparam_n[0m="id:26 user_id:4 stock_id:3 stock_quantity:10 price:200 total:-2000 "
[37mDEBU[0m[0006] No listener found. Done.                      [37mmethod[0m=SendTransaction [37mmodule[0m="socketapi/datastreams" [37mparam_n[0m="id:26 user_id:4 stock_id:3 stock_quantity:10 price:200 total:-2000 "
[37mDEBU[0m[0007] Attempting                                    [37mmethod[0m=SendTransaction [37mmodule[0m="socketapi/datastreams" [37mparam_n[0m="id:32 user_id:2 stock_id:1 type:MORTGAGE_TRANSACTION stock_quantity:7 total:-420 "
[37mDEBU[0m[0007] No listener found. Done.                      [37mmethod[0m=SendTransaction [37mmodule[0m="socketapi/datastreams" [37mparam_n[0m="id:32 user_id:2 stock_id:1 type:MORTGAGE_TRANSACTION stock_quantity:7 total:-420 "
[37mDEBU[0m[0007] Attempting                                    [37mmethod[0m=SendTransaction [37mmodule[0m="socketapi/datastreams" [37mparam_n[0m="id:33 user_id:2 stock_id:1 type:MORTGAGE_TRANSACTION stock_quantity:2 total:-120 "
[37mDEBU[0m[0007] No listener found. Done.                      [37mmethod[0m=SendTransaction [37mmodule[0m="socketapi/datastreams" [37mparam_n[0m="id:33 user_id:2 stock_id:1 type:MORTGAGE_TRANSACTION stock_quantity:2 total:-120 "
[37mDEBU[0m[0007] Attempting                                    [37mmethod[0m=SendTransaction [37mmodule[0m="socketapi/datastreams" [37mparam_n[0m="id:34 user_id:2 stock_id:3 type:MORTGAGE_TRANSACTION stock_quantity:5 total:-600 "
[37mDEBU[0m[0007] No listener found. Done.                      [37mmethod[0m=SendTransaction [37mmodule[0m="socketapi/datastreams" [37mparam_n[0m="id:34 user_id:2 stock_id:3 type:MORTGAGE_TRANSACTION stock_quantity:5 total:-600 "
[37mDEBU[0m[0007] Attempting                                    [37mmethod[0m=SendTransaction [37mmodule[0m="socketapi/datastreams" [37mparam_n[0m="id:35 user_id:4 stock_id:1 type:MORTGAGE_TRANSACTION stock_quantity:5 total:-300 "
[37mDEBU[0m[0007] No listener found. Done.                      [37mmethod[0m=SendTransaction [37mmodule[0m="socketapi/datastreams" [37mparam_n[0m="id:35 user_id:4 stock_id:1 type:MORTGAGE_TRANSACTION stock_quantity:5 total:-300 "
[37mDEBU[0m[0009] Attempting                                    [37mmethod[0m=SendTransaction [37mmodule[0m="socketapi/datastreams" [37mparam_n[0m="id:41 user_id:2 stock_id:1 type:MORTGAGE_TRANSACTION stock_quantity:-7 total:560 "
[37mDEBU[0m[0009] No listener found. Done.                      [37mmethod[0m=SendTransaction [37mmodule[0m="socketapi/datastreams" [37mparam_n[0m="id:41 user_id:2 stock_id:1 type:MORTGAGE_TRANSACTION stock_quantity:-7 total:560 "
[37mDEBU[0m[0009] Attempting                                    [37mmethod[0m=SendTransaction [37mmodule[0m="socketapi/datastreams" [37mparam_n[0m="id:42 user_id:2 stock_id:1 type:MORTGAGE_TRANSACTION stock_quantity:-2 total:160 "
[37mDEBU[0m[0009] No listener found. Done.                      [37mmethod[0m=SendTransaction [37mmodule[0m="socketapi/datastreams" [37mparam_n[0m="id:42 user_id:2 stock_id:1 type:MORTGAGE_TRANSACTION stock_quantity:-2 total:160 "
[37mDEBU[0m[0009] Attempting                                    [37mmethod[0m=SendTransaction [37mmodule[0m="socketapi/datastreams" [37mparam_n[0m="id:43 user_id:2 stock_id:3 type:MORTGAGE_TRANSACTION stock_quantity:-15 total:2400 "
[37mDEBU[0m[0009] No listener found. Done.                      [37mmethod[0m=SendTransaction [37mmodule[0m="socketapi/datastreams" [37mparam_n[0m="id:43 user_id:2 stock_id:3 type:MORTGAGE_TRANSACTION stock_quantity:-15 total:2400 "
[37mDEBU[0m[0009] Attempting                                    [37mmethod[0m=SendTransaction [37mmodule[0m="socketapi/datastreams" [37mparam_n[0m="id:44 user_id:2 stock_id:3 type:MORTGAGE_TRANSACTION stock_quantity:-5 total:800 "
[37mDEBU[0m[0009] No listener found. Done.                      [37mmethod[0m=SendTransaction [37mmodule[0m="socketapi/datastreams" [37mparam_n[0m="id:44 user_id:2 stock_id:3 type:MORTGAGE_TRANSACTION stock_quantity:-5 total:800 "
[37mDEBU[0m[0009] Attempting                                    [37mmethod[0m=SendTransaction [37mmodule[0m="socketapi/datastreams" [37mparam_n[0m="id:45 user_id:4 stock_id:1 type:MORTGAGE_TRANSACTION stock_quantity:-5 total:400 "
[37mDEBU[0m[0009] No listener found. Done.                      [37mmethod[0m=SendTransaction [37mmodule[0m="socketapi/datastreams" [37mparam_n[0m="id:45 user_id:4 stock_id:1 type:MORTGAGE_TRANSACTION stock_quantity:-5 total:400 "
